[0m17:08:15.460358 [debug] [MainThread]: Sending event: {'category': 'dbt', 'action': 'invocation', 'label': 'start', 'context': [<snowplow_tracker.self_describing_json.SelfDescribingJson object at 0x000001C90BCEF3D0>, <snowplow_tracker.self_describing_json.SelfDescribingJson object at 0x000001C90DF2E440>, <snowplow_tracker.self_describing_json.SelfDescribingJson object at 0x000001C90DF2E650>]}


============================== 17:08:15.471324 | b5297cd6-201e-4934-8ba3-bffce2722894 ==============================
[0m17:08:15.471324 [info ] [MainThread]: Running with dbt=1.5.2
[0m17:08:15.474378 [debug] [MainThread]: running dbt with arguments {'printer_width': '80', 'indirect_selection': 'eager', 'write_json': 'True', 'log_cache_events': 'False', 'partial_parse': 'True', 'cache_selected_only': 'False', 'profiles_dir': 'C:\\Users\\gavin\\.dbt', 'version_check': 'True', 'fail_fast': 'False', 'log_path': 'logs', 'debug': 'False', 'warn_error': 'None', 'use_colors': 'True', 'use_experimental_parser': 'False', 'no_print': 'None', 'quiet': 'False', 'log_format': 'default', 'introspect': 'True', 'warn_error_options': 'WarnErrorOptions(include=[], exclude=[])', 'static_parser': 'True', 'target_path': 'None', 'send_anonymous_usage_stats': 'True'}
[0m17:08:15.477331 [warn ] [MainThread]: [ConfigFolderDirectory]: Unable to parse dict {'dir': WindowsPath('C:/Users/gavin/.dbt')}
[0m17:08:15.480334 [info ] [MainThread]: Creating dbt configuration folder at 
[0m17:08:15.487351 [debug] [MainThread]: Starter project path: C:\Users\gavin\.conda\envs\dbt-env\lib\site-packages\dbt\include\starter_project
[0m17:08:36.600654 [info ] [MainThread]: Profile warehouse written to C:\Users\gavin\.dbt\profiles.yml using target's sample configuration. Once updated, you'll be able to start developing with dbt.
[0m17:08:36.602665 [info ] [MainThread]: 
Your new dbt project "warehouse" was created!

For more information on how to configure the profiles.yml file,
please consult the dbt documentation here:

  https://docs.getdbt.com/docs/configure-your-profile

One more thing:

Need help? Don't hesitate to reach out to us via GitHub issues or on Slack:

  https://community.getdbt.com/

Happy modeling!

[0m17:08:36.612655 [debug] [MainThread]: Command `dbt init` succeeded at 17:08:36.611663 after 21.18 seconds
[0m17:08:36.614661 [debug] [MainThread]: Sending event: {'category': 'dbt', 'action': 'invocation', 'label': 'end', 'context': [<snowplow_tracker.self_describing_json.SelfDescribingJson object at 0x000001C90BCEF3D0>, <snowplow_tracker.self_describing_json.SelfDescribingJson object at 0x000001C907D3C910>, <snowplow_tracker.self_describing_json.SelfDescribingJson object at 0x000001C90DF2F4C0>]}
[0m17:08:36.616656 [debug] [MainThread]: Flushing usage events
[0m17:13:10.690772 [debug] [MainThread]: Sending event: {'category': 'dbt', 'action': 'invocation', 'label': 'start', 'context': [<snowplow_tracker.self_describing_json.SelfDescribingJson object at 0x0000025533B3F3A0>, <snowplow_tracker.self_describing_json.SelfDescribingJson object at 0x0000025535D7EFB0>, <snowplow_tracker.self_describing_json.SelfDescribingJson object at 0x0000025535D7ED70>]}


============================== 17:13:10.698772 | 9d618166-c8d8-4185-a51f-bbd8c8db6053 ==============================
[0m17:13:10.698772 [info ] [MainThread]: Running with dbt=1.5.2
[0m17:13:10.700774 [debug] [MainThread]: running dbt with arguments {'printer_width': '80', 'indirect_selection': 'eager', 'write_json': 'True', 'log_cache_events': 'False', 'partial_parse': 'True', 'cache_selected_only': 'False', 'warn_error': 'None', 'version_check': 'True', 'fail_fast': 'False', 'log_path': 'logs', 'profiles_dir': 'C:\\Users\\gavin\\.dbt', 'debug': 'False', 'use_colors': 'True', 'use_experimental_parser': 'False', 'no_print': 'None', 'quiet': 'False', 'warn_error_options': 'WarnErrorOptions(include=[], exclude=[])', 'introspect': 'True', 'static_parser': 'True', 'log_format': 'default', 'target_path': 'None', 'send_anonymous_usage_stats': 'True'}
[0m17:13:10.702786 [info ] [MainThread]: dbt version: 1.5.2
[0m17:13:10.704779 [info ] [MainThread]: python version: 3.10.11
[0m17:13:10.706777 [info ] [MainThread]: python path: C:\Users\gavin\.conda\envs\dbt-env\python.exe
[0m17:13:10.709781 [info ] [MainThread]: os info: Windows-10-10.0.19045-SP0
[0m17:13:10.711790 [info ] [MainThread]: Using profiles.yml file at C:\Users\gavin\.dbt\profiles.yml
[0m17:13:10.713787 [info ] [MainThread]: Using dbt_project.yml file at C:\Users\gavin\Documents\DEProjects\BIInsights\3.dbt\dbt_project.yml
[0m17:13:10.715785 [info ] [MainThread]: Configuration:
[0m17:13:10.876951 [info ] [MainThread]:   profiles.yml file [[32mOK found and valid[0m]
[0m17:13:10.879947 [info ] [MainThread]:   dbt_project.yml file [[31mERROR not found[0m]
[0m17:13:10.882939 [info ] [MainThread]: Required dependencies:
[0m17:13:10.884945 [debug] [MainThread]: Executing "git --help"
[0m17:13:10.932983 [debug] [MainThread]: STDOUT: "b"usage: git [-v | --version] [-h | --help] [-C <path>] [-c <name>=<value>]\n           [--exec-path[=<path>]] [--html-path] [--man-path] [--info-path]\n           [-p | --paginate | -P | --no-pager] [--no-replace-objects] [--bare]\n           [--git-dir=<path>] [--work-tree=<path>] [--namespace=<name>]\n           [--config-env=<name>=<envvar>] <command> [<args>]\n\nThese are common Git commands used in various situations:\n\nstart a working area (see also: git help tutorial)\n   clone     Clone a repository into a new directory\n   init      Create an empty Git repository or reinitialize an existing one\n\nwork on the current change (see also: git help everyday)\n   add       Add file contents to the index\n   mv        Move or rename a file, a directory, or a symlink\n   restore   Restore working tree files\n   rm        Remove files from the working tree and from the index\n\nexamine the history and state (see also: git help revisions)\n   bisect    Use binary search to find the commit that introduced a bug\n   diff      Show changes between commits, commit and working tree, etc\n   grep      Print lines matching a pattern\n   log       Show commit logs\n   show      Show various types of objects\n   status    Show the working tree status\n\ngrow, mark and tweak your common history\n   branch    List, create, or delete branches\n   commit    Record changes to the repository\n   merge     Join two or more development histories together\n   rebase    Reapply commits on top of another base tip\n   reset     Reset current HEAD to the specified state\n   switch    Switch branches\n   tag       Create, list, delete or verify a tag object signed with GPG\n\ncollaborate (see also: git help workflows)\n   fetch     Download objects and refs from another repository\n   pull      Fetch from and integrate with another repository or a local branch\n   push      Update remote refs along with associated objects\n\n'git help -a' and 'git help -g' list available subcommands and some\nconcept guides. See 'git help <command>' or 'git help <concept>'\nto read about a specific subcommand or concept.\nSee 'git help git' for an overview of the system.\n""
[0m17:13:10.934992 [debug] [MainThread]: STDERR: "b''"
[0m17:13:10.935993 [info ] [MainThread]:  - git [[32mOK found[0m]

[0m17:13:10.938990 [info ] [MainThread]: Connection:
[0m17:13:10.940976 [info ] [MainThread]:   host: localhost
[0m17:13:10.943977 [info ] [MainThread]:   port: 5432
[0m17:13:10.946975 [info ] [MainThread]:   user: etl
[0m17:13:10.948976 [info ] [MainThread]:   database: AdventureWorks
[0m17:13:10.950975 [info ] [MainThread]:   schema: public
[0m17:13:10.953980 [info ] [MainThread]:   search_path: None
[0m17:13:10.956982 [info ] [MainThread]:   keepalives_idle: 0
[0m17:13:10.958974 [info ] [MainThread]:   sslmode: None
[0m17:13:10.962979 [info ] [MainThread]: Registered adapter: postgres=1.5.2
[0m17:13:10.965977 [debug] [MainThread]: Acquiring new postgres connection 'debug'
[0m17:13:10.966972 [debug] [MainThread]: Using postgres connection "debug"
[0m17:13:10.967973 [debug] [MainThread]: On debug: select 1 as id
[0m17:13:10.967973 [debug] [MainThread]: Opening a new connection, currently in state init
[0m17:13:11.370786 [debug] [MainThread]: SQL status: SELECT 1 in 0.0 seconds
[0m17:13:11.374787 [debug] [MainThread]: On debug: Close
[0m17:13:11.376793 [info ] [MainThread]:   Connection test: [[32mOK connection ok[0m]

[0m17:13:11.380794 [info ] [MainThread]: [31m1 check failed:[0m
[0m17:13:11.384808 [info ] [MainThread]: Could not load dbt_project.yml

[0m17:13:11.389798 [debug] [MainThread]: Command `dbt debug` failed at 17:13:11.389798 after 0.84 seconds
[0m17:13:11.392793 [debug] [MainThread]: Connection 'debug' was properly closed.
[0m17:13:11.394796 [debug] [MainThread]: Sending event: {'category': 'dbt', 'action': 'invocation', 'label': 'end', 'context': [<snowplow_tracker.self_describing_json.SelfDescribingJson object at 0x0000025533B3F3A0>, <snowplow_tracker.self_describing_json.SelfDescribingJson object at 0x0000025535EBDC00>, <snowplow_tracker.self_describing_json.SelfDescribingJson object at 0x0000025535EBCEE0>]}
[0m17:13:11.396793 [debug] [MainThread]: Flushing usage events
